[debug] [2020-12-01T15:26:13.035Z] ----------------------------------------------------------------------
[debug] [2020-12-01T15:26:13.036Z] Command:       C:\laragon\bin\nodejs\node-v12\node.exe C:\Users\BAGUER\AppData\Roaming\npm\node_modules\firebase-tools\lib\bin\firebase.js init
[debug] [2020-12-01T15:26:13.037Z] CLI Version:   8.16.2
[debug] [2020-12-01T15:26:13.037Z] Platform:      win32
[debug] [2020-12-01T15:26:13.037Z] Node Version:  v12.5.0
[debug] [2020-12-01T15:26:13.038Z] Time:          Tue Dec 01 2020 10:26:13 GMT-0500 (Colombia Standard Time)
[debug] [2020-12-01T15:26:13.038Z] ----------------------------------------------------------------------
[debug] [2020-12-01T15:26:13.038Z] 
[debug] [2020-12-01T15:26:13.044Z] > command requires scopes: ["email","openid","https://www.googleapis.com/auth/cloudplatformprojects.readonly","https://www.googleapis.com/auth/firebase","https://www.googleapis.com/auth/cloud-platform"]
[debug] [2020-12-01T15:26:13.044Z] > authorizing via signed-in user
[info] 
     ######## #### ########  ######## ########     ###     ######  ########
     ##        ##  ##     ## ##       ##     ##  ##   ##  ##       ##
     ######    ##  ########  ######   ########  #########  ######  ######
     ##        ##  ##    ##  ##       ##     ## ##     ##       ## ##
     ##       #### ##     ## ######## ########  ##     ##  ######  ########

You're about to initialize a Firebase project in this directory:

  C:\Users\BAGUER\Documents\Jonathan\Projects\kuvid_web

Before we get started, keep in mind:

  * You are initializing in an existing Firebase project directory

[info] 
=== Project Setup
[info] 
[info] First, let's associate this project directory with a Firebase project.
[info] You can create multiple project aliases by running firebase use --add, 
[info] but for now we'll just set up a default project.
[info] 
[info] i  .firebaserc already has a default project, using kuvid-e9435. 
[debug] [2020-12-01T15:26:19.068Z] >>> HTTP REQUEST GET https://firebase.googleapis.com/v1beta1/projects/kuvid-e9435  
 
[debug] [2020-12-01T15:26:19.607Z] <<< HTTP RESPONSE 403 {"vary":"X-Origin, Referer, Origin,Accept-Encoding","content-type":"application/json; charset=UTF-8","date":"Tue, 01 Dec 2020 15:26:20 GMT","server":"ESF","cache-control":"private","x-xss-protection":"0","x-frame-options":"SAMEORIGIN","x-content-type-options":"nosniff","alt-svc":"h3-29=\":443\"; ma=2592000,h3-T051=\":443\"; ma=2592000,h3-Q050=\":443\"; ma=2592000,h3-Q046=\":443\"; ma=2592000,h3-Q043=\":443\"; ma=2592000,quic=\":443\"; ma=2592000; v=\"46,43\"","accept-ranges":"none","transfer-encoding":"chunked"}
[debug] [2020-12-01T15:26:19.608Z] <<< HTTP RESPONSE BODY {"error":{"code":403,"message":"The caller does not have permission","status":"PERMISSION_DENIED"}}
[debug] [2020-12-01T15:26:19.609Z] HTTP Error: 403, The caller does not have permission
[debug] [2020-12-01T15:26:19.965Z] FirebaseError: HTTP Error: 403, The caller does not have permission
    at module.exports (C:\Users\BAGUER\AppData\Roaming\npm\node_modules\firebase-tools\lib\responseToError.js:38:12)
    at Request._callback (C:\Users\BAGUER\AppData\Roaming\npm\node_modules\firebase-tools\lib\api.js:41:35)
    at Request.self.callback (C:\Users\BAGUER\AppData\Roaming\npm\node_modules\firebase-tools\node_modules\request\request.js:185:22)
    at Request.emit (events.js:200:13)
    at Request.EventEmitter.emit (domain.js:471:20)
    at Request.<anonymous> (C:\Users\BAGUER\AppData\Roaming\npm\node_modules\firebase-tools\node_modules\request\request.js:1154:10)
    at Request.emit (events.js:200:13)
    at Request.EventEmitter.emit (domain.js:471:20)
    at IncomingMessage.<anonymous> (C:\Users\BAGUER\AppData\Roaming\npm\node_modules\firebase-tools\node_modules\request\request.js:1076:12)
    at Object.onceWrapper (events.js:288:20)
    at IncomingMessage.emit (events.js:205:15)
    at IncomingMessage.EventEmitter.emit (domain.js:471:20)
    at endReadableNT (_stream_readable.js:1154:12)
    at processTicksAndRejections (internal/process/task_queues.js:74:11)
[error] 
[error] Error: Failed to get Firebase project kuvid-e9435. Please make sure the project exists and your account has permission to access it.
